Determining if the pthread_create exist failed with the following output:
Change Dir: /home/hema/SFND/01Lidar/SFND_Lidar_Obstacle_Detection/src/quiz/cluster/build/CMakeFiles/CMakeTmp

Run Build Command:"/usr/bin/make" "cmTC_14c03/fast"
/usr/bin/make -f CMakeFiles/cmTC_14c03.dir/build.make CMakeFiles/cmTC_14c03.dir/build
make[1]: Entering directory '/home/hema/SFND/01Lidar/SFND_Lidar_Obstacle_Detection/src/quiz/cluster/build/CMakeFiles/CMakeTmp'
Building C object CMakeFiles/cmTC_14c03.dir/CheckSymbolExists.c.o
/usr/bin/cc    -o CMakeFiles/cmTC_14c03.dir/CheckSymbolExists.c.o   -c /home/hema/SFND/01Lidar/SFND_Lidar_Obstacle_Detection/src/quiz/cluster/build/CMakeFiles/CMakeTmp/CheckSymbolExists.c
Linking C executable cmTC_14c03
/usr/bin/cmake -E cmake_link_script CMakeFiles/cmTC_14c03.dir/link.txt --verbose=1
/usr/bin/cc      -rdynamic CMakeFiles/cmTC_14c03.dir/CheckSymbolExists.c.o  -o cmTC_14c03 
/usr/bin/ld: CMakeFiles/cmTC_14c03.dir/CheckSymbolExists.c.o: in function `main':
CheckSymbolExists.c:(.text+0x1b): undefined reference to `pthread_create'
collect2: error: ld returned 1 exit status
make[1]: *** [CMakeFiles/cmTC_14c03.dir/build.make:87: cmTC_14c03] Error 1
make[1]: Leaving directory '/home/hema/SFND/01Lidar/SFND_Lidar_Obstacle_Detection/src/quiz/cluster/build/CMakeFiles/CMakeTmp'
make: *** [Makefile:121: cmTC_14c03/fast] Error 2

File /home/hema/SFND/01Lidar/SFND_Lidar_Obstacle_Detection/src/quiz/cluster/build/CMakeFiles/CMakeTmp/CheckSymbolExists.c:
/* */
#include <pthread.h>

int main(int argc, char** argv)
{
  (void)argv;
#ifndef pthread_create
  return ((int*)(&pthread_create))[argc];
#else
  (void)argc;
  return 0;
#endif
}

Determining if the function pthread_create exists in the pthreads failed with the following output:
Change Dir: /home/hema/SFND/01Lidar/SFND_Lidar_Obstacle_Detection/src/quiz/cluster/build/CMakeFiles/CMakeTmp

Run Build Command:"/usr/bin/make" "cmTC_b902e/fast"
/usr/bin/make -f CMakeFiles/cmTC_b902e.dir/build.make CMakeFiles/cmTC_b902e.dir/build
make[1]: Entering directory '/home/hema/SFND/01Lidar/SFND_Lidar_Obstacle_Detection/src/quiz/cluster/build/CMakeFiles/CMakeTmp'
Building C object CMakeFiles/cmTC_b902e.dir/CheckFunctionExists.c.o
/usr/bin/cc   -DCHECK_FUNCTION_EXISTS=pthread_create   -o CMakeFiles/cmTC_b902e.dir/CheckFunctionExists.c.o   -c /usr/share/cmake-3.13/Modules/CheckFunctionExists.c
Linking C executable cmTC_b902e
/usr/bin/cmake -E cmake_link_script CMakeFiles/cmTC_b902e.dir/link.txt --verbose=1
/usr/bin/cc  -DCHECK_FUNCTION_EXISTS=pthread_create    -rdynamic CMakeFiles/cmTC_b902e.dir/CheckFunctionExists.c.o  -o cmTC_b902e -lpthreads 
/usr/bin/ld: cannot find -lpthreads
collect2: error: ld returned 1 exit status
make[1]: *** [CMakeFiles/cmTC_b902e.dir/build.make:87: cmTC_b902e] Error 1
make[1]: Leaving directory '/home/hema/SFND/01Lidar/SFND_Lidar_Obstacle_Detection/src/quiz/cluster/build/CMakeFiles/CMakeTmp'
make: *** [Makefile:121: cmTC_b902e/fast] Error 2


